# JRE version: OpenJDK Runtime Environment (24.0+36) (build 24+36-3646)
# Java VM: OpenJDK 64-Bit Server VM (24+36-3646, mixed mode, sharing, tiered, compressed oops, compressed class ptrs, g1 gc, windows-amd64)
GC Precious Log:
 CardTable entry size: 512
 Card Set container configuration: InlinePtr #cards 4 size 8 Array Of Cards #cards 16 size 48 Howl #buckets 8 coarsen threshold 3686 Howl Bitmap #cards 512 size 80 coarsen threshold 460 Card regions per heap region 1 cards per card region 4096
 CPUs: 16 total, 16 available
 Memory: 16163M
 Large Page Support: Disabled
 NUMA Support: Disabled
 Compressed Oops: Enabled (Zero based)
 Heap Region Size: 2M
 Heap Min Capacity: 8M
 Heap Initial Capacity: 254M
 Heap Max Capacity: 4042M
 Pre-touch: Disabled
 Parallel Workers: 13
 Concurrent Workers: 3
 Concurrent Refinement Workers: 13
 Periodic GC: Disabled
Heap:
 garbage-first heap   total reserved 4139008K, committed 75776K, used 42940K [0x0000000703600000, 0x0000000800000000)
  region size 2048K, 8 young (16384K), 3 survivors (6144K)
 Metaspace       used 73895K, committed 74432K, reserved 1179648K
  class space    used 7936K, committed 8192K, reserved 1048576K
GC Heap History (20 events):
Event: 6.129 GC heap before
{Heap before GC invocations=1 (full 0):
 garbage-first heap   total reserved 4139008K, committed 262144K, used 42391K [0x0000000703600000, 0x0000000800000000)
  region size 2048K, 19 young (38912K), 3 survivors (6144K)
 Metaspace       used 21229K, committed 21504K, reserved 1114112K
  class space    used 2191K, committed 2368K, reserved 1048576K
}
Event: 6.135 GC heap after
{Heap after GC invocations=2 (full 0):
 garbage-first heap   total reserved 4139008K, committed 262144K, used 15301K [0x0000000703600000, 0x0000000800000000)
  region size 2048K, 5 young (10240K), 5 survivors (10240K)
 Metaspace       used 21229K, committed 21504K, reserved 1114112K
  class space    used 2191K, committed 2368K, reserved 1048576K
}
Event: 7.167 GC heap before
{Heap before GC invocations=3 (full 0):
 garbage-first heap   total reserved 4139008K, committed 61440K, used 56261K [0x0000000703600000, 0x0000000800000000)
  region size 2048K, 26 young (53248K), 5 survivors (10240K)
 Metaspace       used 26798K, committed 27136K, reserved 1114112K
  class space    used 2662K, committed 2816K, reserved 1048576K
}
Event: 7.183 GC heap after
{Heap after GC invocations=4 (full 0):
 garbage-first heap   total reserved 4139008K, committed 75776K, used 19863K [0x0000000703600000, 0x0000000800000000)
  region size 2048K, 7 young (14336K), 7 survivors (14336K)
 Metaspace       used 26798K, committed 27136K, reserved 1114112K
  class space    used 2662K, committed 2816K, reserved 1048576K
}
Event: 7.868 GC heap before
{Heap before GC invocations=4 (full 0):
 garbage-first heap   total reserved 4139008K, committed 75776K, used 50583K [0x0000000703600000, 0x0000000800000000)
  region size 2048K, 22 young (45056K), 7 survivors (14336K)
 Metaspace       used 31485K, committed 31872K, reserved 1114112K
  class space    used 3330K, committed 3520K, reserved 1048576K
}
Event: 7.883 GC heap after
{Heap after GC invocations=5 (full 0):
 garbage-first heap   total reserved 4139008K, committed 75776K, used 21580K [0x0000000703600000, 0x0000000800000000)
  region size 2048K, 2 young (4096K), 2 survivors (4096K)
 Metaspace       used 31485K, committed 31872K, reserved 1114112K
  class space    used 3330K, committed 3520K, reserved 1048576K
}
Event: 8.571 GC heap before
{Heap before GC invocations=5 (full 0):
 garbage-first heap   total reserved 4139008K, committed 75776K, used 46156K [0x0000000703600000, 0x0000000800000000)
  region size 2048K, 15 young (30720K), 2 survivors (4096K)
 Metaspace       used 35763K, committed 36096K, reserved 1114112K
  class space    used 3828K, committed 3968K, reserved 1048576K
}
Event: 8.579 GC heap after
{Heap after GC invocations=6 (full 0):
 garbage-first heap   total reserved 4139008K, committed 75776K, used 22730K [0x0000000703600000, 0x0000000800000000)
  region size 2048K, 3 young (6144K), 3 survivors (6144K)
 Metaspace       used 35763K, committed 36096K, reserved 1114112K
  class space    used 3828K, committed 3968K, reserved 1048576K
}
Event: 9.245 GC heap before
{Heap before GC invocations=7 (full 0):
 garbage-first heap   total reserved 4139008K, committed 75776K, used 55498K [0x0000000703600000, 0x0000000800000000)
  region size 2048K, 19 young (38912K), 3 survivors (6144K)
 Metaspace       used 42928K, committed 43328K, reserved 1114112K
  class space    used 4635K, committed 4800K, reserved 1048576K
}
Event: 9.252 GC heap after
{Heap after GC invocations=8 (full 0):
 garbage-first heap   total reserved 4139008K, committed 75776K, used 24989K [0x0000000703600000, 0x0000000800000000)
  region size 2048K, 3 young (6144K), 3 survivors (6144K)
 Metaspace       used 42928K, committed 43328K, reserved 1114112K
  class space    used 4635K, committed 4800K, reserved 1048576K
}
Event: 10.097 GC heap before
{Heap before GC invocations=8 (full 0):
 garbage-first heap   total reserved 4139008K, committed 75776K, used 55709K [0x0000000703600000, 0x0000000800000000)
  region size 2048K, 19 young (38912K), 3 survivors (6144K)
 Metaspace       used 51896K, committed 52288K, reserved 1114112K
  class space    used 5460K, committed 5632K, reserved 1048576K
}
Event: 10.103 GC heap after
{Heap after GC invocations=9 (full 0):
 garbage-first heap   total reserved 4139008K, committed 75776K, used 27798K [0x0000000703600000, 0x0000000800000000)
  region size 2048K, 3 young (6144K), 3 survivors (6144K)
 Metaspace       used 51896K, committed 52288K, reserved 1114112K
  class space    used 5460K, committed 5632K, reserved 1048576K
}
Event: 10.768 GC heap before
{Heap before GC invocations=9 (full 0):
 garbage-first heap   total reserved 4139008K, committed 75776K, used 50326K [0x0000000703600000, 0x0000000800000000)
  region size 2048K, 16 young (32768K), 3 survivors (6144K)
 Metaspace       used 60065K, committed 60480K, reserved 1114112K
  class space    used 6403K, committed 6592K, reserved 1048576K
}
Event: 10.774 GC heap after
{Heap after GC invocations=10 (full 0):
 garbage-first heap   total reserved 4139008K, committed 75776K, used 28936K [0x0000000703600000, 0x0000000800000000)
  region size 2048K, 3 young (6144K), 3 survivors (6144K)
 Metaspace       used 60065K, committed 60480K, reserved 1114112K
  class space    used 6403K, committed 6592K, reserved 1048576K
}
Event: 11.246 GC heap before
{Heap before GC invocations=11 (full 0):
 garbage-first heap   total reserved 4139008K, committed 75776K, used 59656K [0x0000000703600000, 0x0000000800000000)
  region size 2048K, 18 young (36864K), 3 survivors (6144K)
 Metaspace       used 64868K, committed 65344K, reserved 1114112K
  class space    used 6965K, committed 7168K, reserved 1048576K
}
Event: 11.250 GC heap after
{Heap after GC invocations=12 (full 0):
 garbage-first heap   total reserved 4139008K, committed 75776K, used 31099K [0x0000000703600000, 0x0000000800000000)
  region size 2048K, 2 young (4096K), 2 survivors (4096K)
 Metaspace       used 64868K, committed 65344K, reserved 1114112K
  class space    used 6965K, committed 7168K, reserved 1048576K
}
Event: 11.831 GC heap before
{Heap before GC invocations=12 (full 0):
 garbage-first heap   total reserved 4139008K, committed 75776K, used 63867K [0x0000000703600000, 0x0000000800000000)
  region size 2048K, 18 young (36864K), 2 survivors (4096K)
 Metaspace       used 70122K, committed 70720K, reserved 1114112K
  class space    used 7465K, committed 7744K, reserved 1048576K
}
Event: 11.836 GC heap after
{Heap after GC invocations=13 (full 0):
 garbage-first heap   total reserved 4139008K, committed 75776K, used 32519K [0x0000000703600000, 0x0000000800000000)
  region size 2048K, 3 young (6144K), 3 survivors (6144K)
 Metaspace       used 70122K, committed 70720K, reserved 1114112K
  class space    used 7465K, committed 7744K, reserved 1048576K
}
Event: 12.235 GC heap before
{Heap before GC invocations=13 (full 0):
 garbage-first heap   total reserved 4139008K, committed 75776K, used 61191K [0x0000000703600000, 0x0000000800000000)
  region size 2048K, 17 young (34816K), 3 survivors (6144K)
 Metaspace       used 72989K, committed 73600K, reserved 1114112K
  class space    used 7838K, committed 8128K, reserved 1048576K
}
Event: 12.241 GC heap after
{Heap after GC invocations=14 (full 0):
 garbage-first heap   total reserved 4139008K, committed 75776K, used 34748K [0x0000000703600000, 0x0000000800000000)
  region size 2048K, 3 young (6144K), 3 survivors (6144K)
 Metaspace       used 72989K, committed 73600K, reserved 1114112K
  class space    used 7838K, committed 8128K, reserved 1048576K
}

